<?xml version="1.0" encoding="UTF-8"?>
<!-- Generated by org.testng.reporters.JUnitReportReporter -->
<testsuite hostname="DESKTOP-MAIGAQ4" failures="0" tests="4" name="sanity.GrafanaAPI" time="1.722" errors="0" timestamp="2022-03-30T22:50:07 IDT" skipped="0">
  <testcase classname="sanity.GrafanaAPI" name="Test01_verifyTeam" time="1.320"/>
  <testcase classname="sanity.GrafanaAPI" name="Test02_addTeamAndVerify" time="0.165"/>
  <testcase classname="sanity.GrafanaAPI" name="Test04_deleteTeamAndVerify" time="0.122"/>
  <testcase classname="sanity.GrafanaAPI" name="Test03_updateTeamAndVerify" time="0.115"/>
</testsuite> <!-- sanity.GrafanaAPI -->
