<?xml version="1.0" encoding="UTF-8"?>
<!-- Generated by org.testng.reporters.JUnitReportReporter -->
<testsuite hostname="DESKTOP-MAIGAQ4" failures="0" tests="9" name="sanity.GrafanaWeb" time="35.642" errors="0" timestamp="2022-03-30T22:50:51 IDT" skipped="0">
  <testcase classname="sanity.GrafanaWeb" name="Test07_searchUsers" time="3.268"/>
  <testcase classname="sanity.GrafanaWeb" name="Test03_verifyNewUsers" time="1.362"/>
  <testcase classname="sanity.GrafanaWeb" name="Test04_verifyUserDeletion" time="0.887"/>
  <testcase classname="sanity.GrafanaWeb" name="Test05_verifyProgressSteps" time="0.420"/>
  <testcase classname="sanity.GrafanaWeb" name="Test07_searchUsers" time="12.242"/>
  <testcase classname="sanity.GrafanaWeb" name="Test02_verifyDefaultUsers" time="0.622"/>
  <testcase classname="sanity.GrafanaWeb" name="Test06_verifyAvatarIcon" time="2.038"/>
  <testcase classname="sanity.GrafanaWeb" name="Test01_verifyHeader" time="1.939"/>
  <testcase classname="sanity.GrafanaWeb" name="Test07_searchUsers" time="12.864"/>
</testsuite> <!-- sanity.GrafanaWeb -->
