<?xml version="1.0" encoding="UTF-8"?>
<!-- Generated by org.testng.reporters.JUnitReportReporter -->
<testsuite hostname="DESKTOP-MAIGAQ4" failures="0" tests="2" name="sanity.TodoListElectron" time="6.185" errors="0" timestamp="2022-03-30T23:03:02 IDT" skipped="0">
  <testcase classname="sanity.TodoListElectron" name="Test01_addAndVerifyNewTask" time="5.454"/>
  <testcase classname="sanity.TodoListElectron" name="Test02_addAndVerifyNewTasks" time="0.731"/>
</testsuite> <!-- sanity.TodoListElectron -->
